<?xml version="1.0" encoding="UTF-8"?>
<testng-results skipped="0" failed="0" ignored="0" total="1" passed="1">
  <reporter-output>
  </reporter-output>
  <suite name="Default suite" duration-ms="22816" started-at="2021-10-26T12:05:46Z" finished-at="2021-10-26T12:06:09Z">
    <groups>
    </groups>
    <test name="Default test" duration-ms="22816" started-at="2021-10-26T12:05:46Z" finished-at="2021-10-26T12:06:09Z">
      <class name="test.hanxinjie.demo.Admin_Login">
        <test-method status="PASS" signature="addListener(org.testng.ITestContext)[pri:0, instance:test.hanxinjie.demo.Admin_Login@51081592]" name="addListener" is-config="true" duration-ms="5" started-at="2021-10-26T20:05:46Z" description="请求一个监听器" finished-at="2021-10-26T20:05:46Z">
          <params>
            <param index="0">
              <value>
                <![CDATA[org.testng.TestRunner@604f2bd2]]>
              </value>
            </param>
          </params>
          <reporter-output>
          </reporter-output>
        </test-method> <!-- addListener -->
        <test-method status="PASS" signature="doBeforeClass()[pri:0, instance:test.hanxinjie.demo.Admin_Login@51081592]" name="doBeforeClass" is-config="true" duration-ms="7796" started-at="2021-10-26T20:05:46Z" finished-at="2021-10-26T20:05:54Z">
          <reporter-output>
          </reporter-output>
        </test-method> <!-- doBeforeClass -->
        <test-method status="PASS" signature="testLogin1()[pri:0, instance:test.hanxinjie.demo.Admin_Login@51081592]" name="testLogin1" duration-ms="15003" started-at="2021-10-26T20:05:54Z" finished-at="2021-10-26T20:06:09Z">
          <reporter-output>
          </reporter-output>
        </test-method> <!-- testLogin1 -->
      </class> <!-- test.hanxinjie.demo.Admin_Login -->
    </test> <!-- Default test -->
  </suite> <!-- Default suite -->
</testng-results>
