<?xml version="1.0" encoding="UTF-8"?>
<!-- Generated by org.testng.reporters.JUnitXMLReporter -->
<testsuite hostname="LAPTOP-TLNBM74M" ignored="12" name="Default test" tests="1" failures="0" timestamp="27 十月 2021 13:26:30 GMT" time="43.148" errors="0">
  <testcase name="test36" time="20.963" classname="test.hanxinjie.demo.TestScore"/>
  <testcase name="test31" time="0.0" classname="test.hanxinjie.demo.TestScore">
    <ignored/>
  </testcase> <!-- test31 -->
  <testcase name="test34" time="0.0" classname="test.hanxinjie.demo.TestScore">
    <ignored/>
  </testcase> <!-- test34 -->
  <testcase name="test32" time="0.0" classname="test.hanxinjie.demo.TestScore">
    <ignored/>
  </testcase> <!-- test32 -->
  <testcase name="test35" time="0.0" classname="test.hanxinjie.demo.TestScore">
    <ignored/>
  </testcase> <!-- test35 -->
  <testcase name="test27" time="0.0" classname="test.hanxinjie.demo.TestScore">
    <ignored/>
  </testcase> <!-- test27 -->
  <testcase name="test33" time="0.0" classname="test.hanxinjie.demo.TestScore">
    <ignored/>
  </testcase> <!-- test33 -->
  <testcase name="test25" time="0.0" classname="test.hanxinjie.demo.TestScore">
    <ignored/>
  </testcase> <!-- test25 -->
  <testcase name="test28" time="0.0" classname="test.hanxinjie.demo.TestScore">
    <ignored/>
  </testcase> <!-- test28 -->
  <testcase name="test26" time="0.0" classname="test.hanxinjie.demo.TestScore">
    <ignored/>
  </testcase> <!-- test26 -->
  <testcase name="test37" time="0.0" classname="test.hanxinjie.demo.TestScore">
    <ignored/>
  </testcase> <!-- test37 -->
  <testcase name="test29" time="0.0" classname="test.hanxinjie.demo.TestScore">
    <ignored/>
  </testcase> <!-- test29 -->
  <testcase name="test30" time="0.0" classname="test.hanxinjie.demo.TestScore">
    <ignored/>
  </testcase> <!-- test30 -->
</testsuite> <!-- Default test -->
